0 info it worked if it ends with ok
1 verbose cli [ 'C:\\Program Files (x86)\\nodejs\\node.exe',
1 verbose cli   'C:\\Program Files (x86)\\nodejs\\node_modules\\npm\\bin\\npm-cli.js',
1 verbose cli   'run',
1 verbose cli   'serve' ]
2 info using npm@3.10.10
3 info using node@v6.9.5
4 verbose run-script [ 'preserve', 'serve', 'postserve' ]
5 info lifecycle pv-ui@1.0.0~preserve: pv-ui@1.0.0
6 silly lifecycle pv-ui@1.0.0~preserve: no script for preserve, continuing
7 info lifecycle pv-ui@1.0.0~serve: pv-ui@1.0.0
8 verbose lifecycle pv-ui@1.0.0~serve: unsafe-perm in lifecycle true
9 verbose lifecycle pv-ui@1.0.0~serve: PATH: C:\Program Files (x86)\nodejs\node_modules\npm\bin\node-gyp-bin;C:\Users\FATE\Documents\Visual Studio 2015\Projects\JUGUITONO\PV\webapp\node_modules\.bin;C:\Program Files\NVIDIA GPU Computing Toolkit\CUDA\v8.0\bin;C:\Program Files\NVIDIA GPU Computing Toolkit\CUDA\v8.0\libnvvp;C:\Program Files\Java\jdk1.8.0_111\bin;C:\ProgramData\Oracle\Java\javapath;C:\Program Files (x86)\Intel\iCLS Client\;C:\Program Files\Intel\iCLS Client\;C:\Windows\system32;C:\Windows;C:\Windows\System32\Wbem;C:\Windows\System32\WindowsPowerShell\v1.0\;C:\Program Files (x86)\Intel\Intel(R) Management Engine Components\DAL;C:\Program Files\Intel\Intel(R) Management Engine Components\DAL;C:\Program Files (x86)\Intel\Intel(R) Management Engine Components\IPT;C:\Program Files\Intel\Intel(R) Management Engine Components\IPT;C:\Program Files (x86)\NVIDIA Corporation\PhysX\Common;C:\Program Files\Java\jdk1.7.0_79\bin;C:\Program Files (x86)\GtkSharp\2.12\bin;C:\WINDOWS\system32;C:\WINDOWS;C:\WINDOWS\System32\Wbem;C:\WINDOWS\System32\WindowsPowerShell\v1.0\;C:\Python27;C:\Python27\Scripts;C:\Users\FATE\.dnx\bin;C:\Program Files\Microsoft DNX\Dnvm\;C:\Program Files\Microsoft SQL Server\120\Tools\Binn\;C:\Program Files\Microsoft SQL Server\130\Tools\Binn\;C:\Program Files (x86)\Windows Kits\10\Windows Performance Toolkit\;C:\Program Files\Git\cmd;C:\Program Files (x86)\nodejs\;C:\Program Files (x86)\Microsoft SQL Server\110\Tools\Binn\ManagementStudio\;C:\Program Files (x86)\Microsoft SQL Server\110\Tools\Binn\;C:\Program Files (x86)\Microsoft SQL Server\110\DTS\Binn\;C:\Program Files (x86)\Microsoft SQL Server\100\Tools\Binn\;C:\Program Files (x86)\Microsoft SQL Server\100\DTS\Binn\;C:\Program Files (x86)\Brackets\command;C:\Program Files\dotnet\;C:\Go\bin;D:\NVPACK\gradle-2.9\bin;D:\NVPACK\apache-ant-1.8.2\bin;D:\NVPACK\jdk1.8.0_77\bin;D:\NVPACK\android-ndk-r12b;D:\NVPACK\android-sdk-windows\build-tools;D:\NVPACK\android-sdk-windows\platform-tools;D:\NVPACK\android-sdk-windows\tools;C:\Users\FATE\AppData\Local\Microsoft\WindowsApps;C:\Users\FATE\AppData\Local\atom\bin;C:\Program Files (x86)\Microsoft VS Code\bin;C:\Users\FATE\AppData\Roaming\npm;C:\Users\FATE\AppData\Local\Google\Cloud SDK\google-cloud-sdk\bin
10 verbose lifecycle pv-ui@1.0.0~serve: CWD: C:\Users\FATE\Documents\Visual Studio 2015\Projects\JUGUITONO\PV\webapp
11 silly lifecycle pv-ui@1.0.0~serve: Args: [ '/d /s /c',
11 silly lifecycle   'cross-env APP_ENVIRONMENT=development webpack-dev-server --inline --progress' ]
12 silly lifecycle pv-ui@1.0.0~serve: Returned: code: 3221225786  signal: null
13 info lifecycle pv-ui@1.0.0~serve: Failed to exec serve script
14 verbose stack Error: pv-ui@1.0.0 serve: `cross-env APP_ENVIRONMENT=development webpack-dev-server --inline --progress`
14 verbose stack Exit status 3221225786
14 verbose stack     at EventEmitter.<anonymous> (C:\Program Files (x86)\nodejs\node_modules\npm\lib\utils\lifecycle.js:255:16)
14 verbose stack     at emitTwo (events.js:106:13)
14 verbose stack     at EventEmitter.emit (events.js:191:7)
14 verbose stack     at ChildProcess.<anonymous> (C:\Program Files (x86)\nodejs\node_modules\npm\lib\utils\spawn.js:40:14)
14 verbose stack     at emitTwo (events.js:106:13)
14 verbose stack     at ChildProcess.emit (events.js:191:7)
14 verbose stack     at maybeClose (internal/child_process.js:877:16)
14 verbose stack     at Process.ChildProcess._handle.onexit (internal/child_process.js:226:5)
15 verbose pkgid pv-ui@1.0.0
16 verbose cwd C:\Users\FATE\Documents\Visual Studio 2015\Projects\JUGUITONO\PV\webapp\src
17 error Windows_NT 10.0.14393
18 error argv "C:\\Program Files (x86)\\nodejs\\node.exe" "C:\\Program Files (x86)\\nodejs\\node_modules\\npm\\bin\\npm-cli.js" "run" "serve"
19 error node v6.9.5
20 error npm  v3.10.10
21 error code ELIFECYCLE
22 error pv-ui@1.0.0 serve: `cross-env APP_ENVIRONMENT=development webpack-dev-server --inline --progress`
22 error Exit status 3221225786
23 error Failed at the pv-ui@1.0.0 serve script 'cross-env APP_ENVIRONMENT=development webpack-dev-server --inline --progress'.
23 error Make sure you have the latest version of node.js and npm installed.
23 error If you do, this is most likely a problem with the pv-ui package,
23 error not with npm itself.
23 error Tell the author that this fails on your system:
23 error     cross-env APP_ENVIRONMENT=development webpack-dev-server --inline --progress
23 error You can get information on how to open an issue for this project with:
23 error     npm bugs pv-ui
23 error Or if that isn't available, you can get their info via:
23 error     npm owner ls pv-ui
23 error There is likely additional logging output above.
24 verbose exit [ 1, true ]
